-------------------------------------------------------------------------------
Test set: com.wagmi.finance.alg.SearchTest
-------------------------------------------------------------------------------
Tests run: 10, Failures: 0, Errors: 10, Skipped: 0, Time elapsed: 0.095 s <<< FAILURE! -- in com.wagmi.finance.alg.SearchTest
com.wagmi.finance.alg.SearchTest.binarySearchById_handles_two_elements -- Time elapsed: 0.014 s <<< ERROR!
java.lang.Error: 
Unresolved compilation problem: 
	The declared package "test.java.com.wagmi.finance.alg" does not match the expected package "com.wagmi.finance.alg"

	at com.wagmi.finance.alg.SearchTest.<init>(SearchTest.java:1)
	at java.base/java.lang.reflect.Constructor.newInstanceWithCaller(Constructor.java:499)
	at java.base/java.lang.reflect.Constructor.newInstance(Constructor.java:483)
	at java.base/java.util.Optional.orElseGet(Optional.java:364)
	at java.base/java.util.ArrayList.forEach(ArrayList.java:1604)
	at java.base/java.util.ArrayList.forEach(ArrayList.java:1604)

com.wagmi.finance.alg.SearchTest.binarySearchById_searches_last_element -- Time elapsed: 0.003 s <<< ERROR!
java.lang.Error: 
Unresolved compilation problem: 
	The declared package "test.java.com.wagmi.finance.alg" does not match the expected package "com.wagmi.finance.alg"

	at com.wagmi.finance.alg.SearchTest.<init>(SearchTest.java:1)
	at java.base/java.lang.reflect.Constructor.newInstanceWithCaller(Constructor.java:499)
	at java.base/java.lang.reflect.Constructor.newInstance(Constructor.java:483)
	at java.base/java.util.Optional.orElseGet(Optional.java:364)
	at java.base/java.util.ArrayList.forEach(ArrayList.java:1604)
	at java.base/java.util.ArrayList.forEach(ArrayList.java:1604)

com.wagmi.finance.alg.SearchTest.binarySearchById_handles_large_array -- Time elapsed: 0.002 s <<< ERROR!
java.lang.Error: 
Unresolved compilation problem: 
	The declared package "test.java.com.wagmi.finance.alg" does not match the expected package "com.wagmi.finance.alg"

	at com.wagmi.finance.alg.SearchTest.<init>(SearchTest.java:1)
	at java.base/java.lang.reflect.Constructor.newInstanceWithCaller(Constructor.java:499)
	at java.base/java.lang.reflect.Constructor.newInstance(Constructor.java:483)
	at java.base/java.util.Optional.orElseGet(Optional.java:364)
	at java.base/java.util.ArrayList.forEach(ArrayList.java:1604)
	at java.base/java.util.ArrayList.forEach(ArrayList.java:1604)

com.wagmi.finance.alg.SearchTest.binarySearchById_searches_middle_element -- Time elapsed: 0.001 s <<< ERROR!
java.lang.Error: 
Unresolved compilation problem: 
	The declared package "test.java.com.wagmi.finance.alg" does not match the expected package "com.wagmi.finance.alg"

	at com.wagmi.finance.alg.SearchTest.<init>(SearchTest.java:1)
	at java.base/java.lang.reflect.Constructor.newInstanceWithCaller(Constructor.java:499)
	at java.base/java.lang.reflect.Constructor.newInstance(Constructor.java:483)
	at java.base/java.util.Optional.orElseGet(Optional.java:364)
	at java.base/java.util.ArrayList.forEach(ArrayList.java:1604)
	at java.base/java.util.ArrayList.forEach(ArrayList.java:1604)

com.wagmi.finance.alg.SearchTest.binarySearchById_handles_single_element -- Time elapsed: 0.002 s <<< ERROR!
java.lang.Error: 
Unresolved compilation problem: 
	The declared package "test.java.com.wagmi.finance.alg" does not match the expected package "com.wagmi.finance.alg"

	at com.wagmi.finance.alg.SearchTest.<init>(SearchTest.java:1)
	at java.base/java.lang.reflect.Constructor.newInstanceWithCaller(Constructor.java:499)
	at java.base/java.lang.reflect.Constructor.newInstance(Constructor.java:483)
	at java.base/java.util.Optional.orElseGet(Optional.java:364)
	at java.base/java.util.ArrayList.forEach(ArrayList.java:1604)
	at java.base/java.util.ArrayList.forEach(ArrayList.java:1604)

com.wagmi.finance.alg.SearchTest.binarySearchById_with_null_array_throws_exception -- Time elapsed: 0.002 s <<< ERROR!
java.lang.Error: 
Unresolved compilation problem: 
	The declared package "test.java.com.wagmi.finance.alg" does not match the expected package "com.wagmi.finance.alg"

	at com.wagmi.finance.alg.SearchTest.<init>(SearchTest.java:1)
	at java.base/java.lang.reflect.Constructor.newInstanceWithCaller(Constructor.java:499)
	at java.base/java.lang.reflect.Constructor.newInstance(Constructor.java:483)
	at java.base/java.util.Optional.orElseGet(Optional.java:364)
	at java.base/java.util.ArrayList.forEach(ArrayList.java:1604)
	at java.base/java.util.ArrayList.forEach(ArrayList.java:1604)

com.wagmi.finance.alg.SearchTest.binarySearchById_searches_first_element -- Time elapsed: 0.001 s <<< ERROR!
java.lang.Error: 
Unresolved compilation problem: 
	The declared package "test.java.com.wagmi.finance.alg" does not match the expected package "com.wagmi.finance.alg"

	at com.wagmi.finance.alg.SearchTest.<init>(SearchTest.java:1)
	at java.base/java.lang.reflect.Constructor.newInstanceWithCaller(Constructor.java:499)
	at java.base/java.lang.reflect.Constructor.newInstance(Constructor.java:483)
	at java.base/java.util.Optional.orElseGet(Optional.java:364)
	at java.base/java.util.ArrayList.forEach(ArrayList.java:1604)
	at java.base/java.util.ArrayList.forEach(ArrayList.java:1604)

com.wagmi.finance.alg.SearchTest.binarySearchById_handles_empty_array -- Time elapsed: 0.001 s <<< ERROR!
java.lang.Error: 
Unresolved compilation problem: 
	The declared package "test.java.com.wagmi.finance.alg" does not match the expected package "com.wagmi.finance.alg"

	at com.wagmi.finance.alg.SearchTest.<init>(SearchTest.java:1)
	at java.base/java.lang.reflect.Constructor.newInstanceWithCaller(Constructor.java:499)
	at java.base/java.lang.reflect.Constructor.newInstance(Constructor.java:483)
	at java.base/java.util.Optional.orElseGet(Optional.java:364)
	at java.base/java.util.ArrayList.forEach(ArrayList.java:1604)
	at java.base/java.util.ArrayList.forEach(ArrayList.java:1604)

com.wagmi.finance.alg.SearchTest.binarySearchById_with_null_id_returns_negative_one -- Time elapsed: 0.001 s <<< ERROR!
java.lang.Error: 
Unresolved compilation problem: 
	The declared package "test.java.com.wagmi.finance.alg" does not match the expected package "com.wagmi.finance.alg"

	at com.wagmi.finance.alg.SearchTest.<init>(SearchTest.java:1)
	at java.base/java.lang.reflect.Constructor.newInstanceWithCaller(Constructor.java:499)
	at java.base/java.lang.reflect.Constructor.newInstance(Constructor.java:483)
	at java.base/java.util.Optional.orElseGet(Optional.java:364)
	at java.base/java.util.ArrayList.forEach(ArrayList.java:1604)
	at java.base/java.util.ArrayList.forEach(ArrayList.java:1604)

com.wagmi.finance.alg.SearchTest.binarySearchById_finds_index_or_returns_negative_one -- Time elapsed: 0.001 s <<< ERROR!
java.lang.Error: 
Unresolved compilation problem: 
	The declared package "test.java.com.wagmi.finance.alg" does not match the expected package "com.wagmi.finance.alg"

	at com.wagmi.finance.alg.SearchTest.<init>(SearchTest.java:1)
	at java.base/java.lang.reflect.Constructor.newInstanceWithCaller(Constructor.java:499)
	at java.base/java.lang.reflect.Constructor.newInstance(Constructor.java:483)
	at java.base/java.util.Optional.orElseGet(Optional.java:364)
	at java.base/java.util.ArrayList.forEach(ArrayList.java:1604)
	at java.base/java.util.ArrayList.forEach(ArrayList.java:1604)

