<?xml version="1.0" encoding="UTF-8"?>
<testsuite xmlns:xsi="http://www.w3.org/2001/XMLSchema-instance" xsi:noNamespaceSchemaLocation="https://maven.apache.org/surefire/maven-surefire-plugin/xsd/surefire-test-report-3.0.xsd" version="3.0" name="test.java.com.wagmi.finance.alg.SortersTest" time="0.052" tests="15" errors="15" skipped="0" failures="0">
  <properties>
[...]
</properties>
  <testcase name="insertionSortByCategory_handles_empty_array" classname="test.java.com.wagmi.finance.alg.SortersTest" time="0.002">
    <error message="Not implemented" type="java.lang.UnsupportedOperationException"><![CDATA[java.lang.UnsupportedOperationException: Not implemented
	at main.java.com.wagmi.finance.alg.Sorters.insertionSortByCategory(Sorters.java:31)
	at test.java.com.wagmi.finance.alg.SortersTest.insertionSortByCategory_handles_empty_array(SortersTest.java:143)
	at java.base/java.lang.reflect.Method.invoke(Method.java:565)
	at java.base/java.util.ArrayList.forEach(ArrayList.java:1604)
	at java.base/java.util.ArrayList.forEach(ArrayList.java:1604)
]]></error>
  </testcase>
  <testcase name="insertionSortByCategory_handles_duplicate_categories" classname="test.java.com.wagmi.finance.alg.SortersTest" time="0.002">
    <error message="Not implemented" type="java.lang.UnsupportedOperationException"><![CDATA[java.lang.UnsupportedOperationException: Not implemented
	at main.java.com.wagmi.finance.alg.Sorters.insertionSortByCategory(Sorters.java:31)
	at test.java.com.wagmi.finance.alg.SortersTest.insertionSortByCategory_handles_duplicate_categories(SortersTest.java:161)
	at java.base/java.lang.reflect.Method.invoke(Method.java:565)
	at java.base/java.util.ArrayList.forEach(ArrayList.java:1604)
	at java.base/java.util.ArrayList.forEach(ArrayList.java:1604)
]]></error>
  </testcase>
  <testcase name="insertionSortByCategory_uses_custom_comparator" classname="test.java.com.wagmi.finance.alg.SortersTest" time="0.002">
    <error message="Not implemented" type="java.lang.UnsupportedOperationException"><![CDATA[java.lang.UnsupportedOperationException: Not implemented
	at main.java.com.wagmi.finance.alg.Sorters.insertionSortByCategory(Sorters.java:31)
	at test.java.com.wagmi.finance.alg.SortersTest.insertionSortByCategory_uses_custom_comparator(SortersTest.java:54)
	at java.base/java.lang.reflect.Method.invoke(Method.java:565)
	at java.base/java.util.ArrayList.forEach(ArrayList.java:1604)
	at java.base/java.util.ArrayList.forEach(ArrayList.java:1604)
]]></error>
  </testcase>
  <testcase name="quickSortByAmount_handles_negative_amounts" classname="test.java.com.wagmi.finance.alg.SortersTest" time="0.003">
    <error message="Not implemented" type="java.lang.UnsupportedOperationException"><![CDATA[java.lang.UnsupportedOperationException: Not implemented
	at main.java.com.wagmi.finance.alg.Sorters.quickSortByAmount(Sorters.java:21)
	at test.java.com.wagmi.finance.alg.SortersTest.quickSortByAmount_handles_negative_amounts(SortersTest.java:94)
	at java.base/java.lang.reflect.Method.invoke(Method.java:565)
	at java.base/java.util.ArrayList.forEach(ArrayList.java:1604)
	at java.base/java.util.ArrayList.forEach(ArrayList.java:1604)
]]></error>
  </testcase>
  <testcase name="quickSortByAmount_handles_single_element" classname="test.java.com.wagmi.finance.alg.SortersTest" time="0.001">
    <error message="Not implemented" type="java.lang.UnsupportedOperationException"><![CDATA[java.lang.UnsupportedOperationException: Not implemented
	at main.java.com.wagmi.finance.alg.Sorters.quickSortByAmount(Sorters.java:21)
	at test.java.com.wagmi.finance.alg.SortersTest.quickSortByAmount_handles_single_element(SortersTest.java:70)
	at java.base/java.lang.reflect.Method.invoke(Method.java:565)
	at java.base/java.util.ArrayList.forEach(ArrayList.java:1604)
	at java.base/java.util.ArrayList.forEach(ArrayList.java:1604)
]]></error>
  </testcase>
  <testcase name="mergeSortByDate_handles_duplicate_dates" classname="test.java.com.wagmi.finance.alg.SortersTest" time="0.002">
    <error message="Not implemented" type="java.lang.UnsupportedOperationException"><![CDATA[java.lang.UnsupportedOperationException: Not implemented
	at main.java.com.wagmi.finance.alg.Sorters.mergeSortByDate(Sorters.java:26)
	at test.java.com.wagmi.finance.alg.SortersTest.mergeSortByDate_handles_duplicate_dates(SortersTest.java:121)
	at java.base/java.lang.reflect.Method.invoke(Method.java:565)
	at java.base/java.util.ArrayList.forEach(ArrayList.java:1604)
	at java.base/java.util.ArrayList.forEach(ArrayList.java:1604)
]]></error>
  </testcase>
  <testcase name="quickSortByAmount_handles_duplicate_amounts" classname="test.java.com.wagmi.finance.alg.SortersTest" time="0.003">
    <error message="Not implemented" type="java.lang.UnsupportedOperationException"><![CDATA[java.lang.UnsupportedOperationException: Not implemented
	at main.java.com.wagmi.finance.alg.Sorters.quickSortByAmount(Sorters.java:21)
	at test.java.com.wagmi.finance.alg.SortersTest.quickSortByAmount_handles_duplicate_amounts(SortersTest.java:81)
	at java.base/java.lang.reflect.Method.invoke(Method.java:565)
	at java.base/java.util.ArrayList.forEach(ArrayList.java:1604)
	at java.base/java.util.ArrayList.forEach(ArrayList.java:1604)
]]></error>
  </testcase>
  <testcase name="mergeSortByDate_handles_year_boundaries" classname="test.java.com.wagmi.finance.alg.SortersTest" time="0.002">
    <error message="Not implemented" type="java.lang.UnsupportedOperationException"><![CDATA[java.lang.UnsupportedOperationException: Not implemented
	at main.java.com.wagmi.finance.alg.Sorters.mergeSortByDate(Sorters.java:26)
	at test.java.com.wagmi.finance.alg.SortersTest.mergeSortByDate_handles_year_boundaries(SortersTest.java:134)
	at java.base/java.lang.reflect.Method.invoke(Method.java:565)
	at java.base/java.util.ArrayList.forEach(ArrayList.java:1604)
	at java.base/java.util.ArrayList.forEach(ArrayList.java:1604)
]]></error>
  </testcase>
  <testcase name="insertionSortByCategory_handles_single_element" classname="test.java.com.wagmi.finance.alg.SortersTest" time="0.002">
    <error message="Not implemented" type="java.lang.UnsupportedOperationException"><![CDATA[java.lang.UnsupportedOperationException: Not implemented
	at main.java.com.wagmi.finance.alg.Sorters.insertionSortByCategory(Sorters.java:31)
	at test.java.com.wagmi.finance.alg.SortersTest.insertionSortByCategory_handles_single_element(SortersTest.java:150)
	at java.base/java.lang.reflect.Method.invoke(Method.java:565)
	at java.base/java.util.ArrayList.forEach(ArrayList.java:1604)
	at java.base/java.util.ArrayList.forEach(ArrayList.java:1604)
]]></error>
  </testcase>
  <testcase name="mergeSortByDate_handles_single_element" classname="test.java.com.wagmi.finance.alg.SortersTest" time="0.002">
    <error message="Not implemented" type="java.lang.UnsupportedOperationException"><![CDATA[java.lang.UnsupportedOperationException: Not implemented
	at main.java.com.wagmi.finance.alg.Sorters.mergeSortByDate(Sorters.java:26)
	at test.java.com.wagmi.finance.alg.SortersTest.mergeSortByDate_handles_single_element(SortersTest.java:110)
	at java.base/java.lang.reflect.Method.invoke(Method.java:565)
	at java.base/java.util.ArrayList.forEach(ArrayList.java:1604)
	at java.base/java.util.ArrayList.forEach(ArrayList.java:1604)
]]></error>
  </testcase>
  <testcase name="quickSortByAmount_handles_empty_array" classname="test.java.com.wagmi.finance.alg.SortersTest" time="0.002">
    <error message="Not implemented" type="java.lang.UnsupportedOperationException"><![CDATA[java.lang.UnsupportedOperationException: Not implemented
	at main.java.com.wagmi.finance.alg.Sorters.quickSortByAmount(Sorters.java:21)
	at test.java.com.wagmi.finance.alg.SortersTest.quickSortByAmount_handles_empty_array(SortersTest.java:63)
	at java.base/java.lang.reflect.Method.invoke(Method.java:565)
	at java.base/java.util.ArrayList.forEach(ArrayList.java:1604)
	at java.base/java.util.ArrayList.forEach(ArrayList.java:1604)
]]></error>
  </testcase>
  <testcase name="insertionSortByCategory_with_reverse_comparator" classname="test.java.com.wagmi.finance.alg.SortersTest" time="0.002">
    <error message="Not implemented" type="java.lang.UnsupportedOperationException"><![CDATA[java.lang.UnsupportedOperationException: Not implemented
	at main.java.com.wagmi.finance.alg.Sorters.insertionSortByCategory(Sorters.java:31)
	at test.java.com.wagmi.finance.alg.SortersTest.insertionSortByCategory_with_reverse_comparator(SortersTest.java:174)
	at java.base/java.lang.reflect.Method.invoke(Method.java:565)
	at java.base/java.util.ArrayList.forEach(ArrayList.java:1604)
	at java.base/java.util.ArrayList.forEach(ArrayList.java:1604)
]]></error>
  </testcase>
  <testcase name="mergeSortByDate_sorts_by_date_ascending" classname="test.java.com.wagmi.finance.alg.SortersTest" time="0.001">
    <error message="Not implemented" type="java.lang.UnsupportedOperationException"><![CDATA[java.lang.UnsupportedOperationException: Not implemented
	at main.java.com.wagmi.finance.alg.Sorters.mergeSortByDate(Sorters.java:26)
	at test.java.com.wagmi.finance.alg.SortersTest.mergeSortByDate_sorts_by_date_ascending(SortersTest.java:41)
	at java.base/java.lang.reflect.Method.invoke(Method.java:565)
	at java.base/java.util.ArrayList.forEach(ArrayList.java:1604)
	at java.base/java.util.ArrayList.forEach(ArrayList.java:1604)
]]></error>
  </testcase>
  <testcase name="mergeSortByDate_handles_empty_array" classname="test.java.com.wagmi.finance.alg.SortersTest" time="0.002">
    <error message="Not implemented" type="java.lang.UnsupportedOperationException"><![CDATA[java.lang.UnsupportedOperationException: Not implemented
	at main.java.com.wagmi.finance.alg.Sorters.mergeSortByDate(Sorters.java:26)
	at test.java.com.wagmi.finance.alg.SortersTest.mergeSortByDate_handles_empty_array(SortersTest.java:103)
	at java.base/java.lang.reflect.Method.invoke(Method.java:565)
	at java.base/java.util.ArrayList.forEach(ArrayList.java:1604)
	at java.base/java.util.ArrayList.forEach(ArrayList.java:1604)
]]></error>
  </testcase>
  <testcase name="quickSortByAmount_sorts_ascending_and_handles_edges" classname="test.java.com.wagmi.finance.alg.SortersTest" time="0.004">
    <error message="Not implemented" type="java.lang.UnsupportedOperationException"><![CDATA[java.lang.UnsupportedOperationException: Not implemented
	at main.java.com.wagmi.finance.alg.Sorters.quickSortByAmount(Sorters.java:21)
	at test.java.com.wagmi.finance.alg.SortersTest.quickSortByAmount_sorts_ascending_and_handles_edges(SortersTest.java:27)
	at java.base/java.lang.reflect.Method.invoke(Method.java:565)
	at java.base/java.util.ArrayList.forEach(ArrayList.java:1604)
	at java.base/java.util.ArrayList.forEach(ArrayList.java:1604)
]]></error>
  </testcase>
</testsuite>