<?xml version="1.0" encoding="UTF-8"?>
<testsuite xmlns:xsi="http://www.w3.org/2001/XMLSchema-instance" xsi:noNamespaceSchemaLocation="https://maven.apache.org/surefire/maven-surefire-plugin/xsd/surefire-test-report-3.0.xsd" version="3.0" name="test.java.com.wagmi.finance.budget.BudgetManagerTest" time="0.056" tests="14" errors="10" skipped="0" failures="0">
  <properties>
[...]
</properties>
  <testcase name="applyTransaction_with_multiple_categories" classname="test.java.com.wagmi.finance.budget.BudgetManagerTest" time="0.011">
    <error message="Not implemented" type="java.lang.UnsupportedOperationException"><![CDATA[java.lang.UnsupportedOperationException: Not implemented
	at main.java.com.wagmi.finance.budget.BudgetManager.applyTransaction(BudgetManager.java:66)
	at test.java.com.wagmi.finance.budget.BudgetManagerTest.applyTransaction_with_multiple_categories(BudgetManagerTest.java:87)
	at java.base/java.lang.reflect.Method.invoke(Method.java:565)
	at java.base/java.util.ArrayList.forEach(ArrayList.java:1604)
	at java.base/java.util.ArrayList.forEach(ArrayList.java:1604)
]]></error>
  </testcase>
  <testcase name="isOverLimit_with_exact_limit" classname="test.java.com.wagmi.finance.budget.BudgetManagerTest" time="0.002">
    <error message="Not implemented" type="java.lang.UnsupportedOperationException"><![CDATA[java.lang.UnsupportedOperationException: Not implemented
	at main.java.com.wagmi.finance.budget.BudgetManager.applyTransaction(BudgetManager.java:66)
	at test.java.com.wagmi.finance.budget.BudgetManagerTest.isOverLimit_with_exact_limit(BudgetManagerTest.java:107)
	at java.base/java.lang.reflect.Method.invoke(Method.java:565)
	at java.base/java.util.ArrayList.forEach(ArrayList.java:1604)
	at java.base/java.util.ArrayList.forEach(ArrayList.java:1604)
]]></error>
  </testcase>
  <testcase name="spending_updates_and_limit_checks" classname="test.java.com.wagmi.finance.budget.BudgetManagerTest" time="0.001">
    <error message="Not implemented" type="java.lang.UnsupportedOperationException"><![CDATA[java.lang.UnsupportedOperationException: Not implemented
	at main.java.com.wagmi.finance.budget.BudgetManager.applyTransaction(BudgetManager.java:66)
	at test.java.com.wagmi.finance.budget.BudgetManagerTest.spending_updates_and_limit_checks(BudgetManagerTest.java:38)
	at java.base/java.lang.reflect.Method.invoke(Method.java:565)
	at java.base/java.util.ArrayList.forEach(ArrayList.java:1604)
	at java.base/java.util.ArrayList.forEach(ArrayList.java:1604)
]]></error>
  </testcase>
  <testcase name="applyTransaction_with_income_updates_spending_correctly" classname="test.java.com.wagmi.finance.budget.BudgetManagerTest" time="0.002">
    <error message="Not implemented" type="java.lang.UnsupportedOperationException"><![CDATA[java.lang.UnsupportedOperationException: Not implemented
	at main.java.com.wagmi.finance.budget.BudgetManager.applyTransaction(BudgetManager.java:66)
	at test.java.com.wagmi.finance.budget.BudgetManagerTest.applyTransaction_with_income_updates_spending_correctly(BudgetManagerTest.java:76)
	at java.base/java.lang.reflect.Method.invoke(Method.java:565)
	at java.base/java.util.ArrayList.forEach(ArrayList.java:1604)
	at java.base/java.util.ArrayList.forEach(ArrayList.java:1604)
]]></error>
  </testcase>
  <testcase name="isValidCategory_with_null_category" classname="test.java.com.wagmi.finance.budget.BudgetManagerTest" time="0.002">
    <error message="Category name cannot be null." type="java.lang.IllegalArgumentException"><![CDATA[java.lang.IllegalArgumentException: Category name cannot be null.
	at main.java.com.wagmi.finance.budget.BudgetManager.isValidCategory(BudgetManager.java:35)
	at test.java.com.wagmi.finance.budget.BudgetManagerTest.isValidCategory_with_null_category(BudgetManagerTest.java:125)
	at java.base/java.lang.reflect.Method.invoke(Method.java:565)
	at java.base/java.util.ArrayList.forEach(ArrayList.java:1604)
	at java.base/java.util.ArrayList.forEach(ArrayList.java:1604)
]]></error>
  </testcase>
  <testcase name="getSpending_returns_zero_for_unknown_category" classname="test.java.com.wagmi.finance.budget.BudgetManagerTest" time="0.001">
    <error message="Not implemented" type="java.lang.UnsupportedOperationException"><![CDATA[java.lang.UnsupportedOperationException: Not implemented
	at main.java.com.wagmi.finance.budget.BudgetManager.getSpending(BudgetManager.java:61)
	at test.java.com.wagmi.finance.budget.BudgetManagerTest.getSpending_returns_zero_for_unknown_category(BudgetManagerTest.java:52)
	at java.base/java.lang.reflect.Method.invoke(Method.java:565)
	at java.base/java.util.ArrayList.forEach(ArrayList.java:1604)
	at java.base/java.util.ArrayList.forEach(ArrayList.java:1604)
]]></error>
  </testcase>
  <testcase name="isApproachingLimit_with_exact_threshold" classname="test.java.com.wagmi.finance.budget.BudgetManagerTest" time="0.002">
    <error message="Not implemented" type="java.lang.UnsupportedOperationException"><![CDATA[java.lang.UnsupportedOperationException: Not implemented
	at main.java.com.wagmi.finance.budget.BudgetManager.applyTransaction(BudgetManager.java:66)
	at test.java.com.wagmi.finance.budget.BudgetManagerTest.isApproachingLimit_with_exact_threshold(BudgetManagerTest.java:99)
	at java.base/java.lang.reflect.Method.invoke(Method.java:565)
	at java.base/java.util.ArrayList.forEach(ArrayList.java:1604)
	at java.base/java.util.ArrayList.forEach(ArrayList.java:1604)
]]></error>
  </testcase>
  <testcase name="setBudgetLimit_with_negative_value" classname="test.java.com.wagmi.finance.budget.BudgetManagerTest" time="0.002"/>
  <testcase name="getBudgetLimit_returns_zero_for_unknown_category" classname="test.java.com.wagmi.finance.budget.BudgetManagerTest" time="0.001"/>
  <testcase name="applyTransaction_with_zero_amount" classname="test.java.com.wagmi.finance.budget.BudgetManagerTest" time="0.002">
    <error message="Not implemented" type="java.lang.UnsupportedOperationException"><![CDATA[java.lang.UnsupportedOperationException: Not implemented
	at main.java.com.wagmi.finance.budget.BudgetManager.applyTransaction(BudgetManager.java:66)
	at test.java.com.wagmi.finance.budget.BudgetManagerTest.applyTransaction_with_zero_amount(BudgetManagerTest.java:114)
	at java.base/java.lang.reflect.Method.invoke(Method.java:565)
	at java.base/java.util.ArrayList.forEach(ArrayList.java:1604)
	at java.base/java.util.ArrayList.forEach(ArrayList.java:1604)
]]></error>
  </testcase>
  <testcase name="category_validation_and_limits_work" classname="test.java.com.wagmi.finance.budget.BudgetManagerTest" time="0.002"/>
  <testcase name="isOverLimit_returns_false_for_unknown_category" classname="test.java.com.wagmi.finance.budget.BudgetManagerTest" time="0.001">
    <error message="Not implemented" type="java.lang.UnsupportedOperationException"><![CDATA[java.lang.UnsupportedOperationException: Not implemented
	at main.java.com.wagmi.finance.budget.BudgetManager.isOverLimit(BudgetManager.java:76)
	at test.java.com.wagmi.finance.budget.BudgetManagerTest.isOverLimit_returns_false_for_unknown_category(BudgetManagerTest.java:62)
	at java.base/java.lang.reflect.Method.invoke(Method.java:565)
	at java.base/java.util.ArrayList.forEach(ArrayList.java:1604)
	at java.base/java.util.ArrayList.forEach(ArrayList.java:1604)
]]></error>
  </testcase>
  <testcase name="isApproachingLimit_returns_false_for_unknown_category" classname="test.java.com.wagmi.finance.budget.BudgetManagerTest" time="0.001">
    <error message="Not implemented" type="java.lang.UnsupportedOperationException"><![CDATA[java.lang.UnsupportedOperationException: Not implemented
	at main.java.com.wagmi.finance.budget.BudgetManager.isApproachingLimit(BudgetManager.java:71)
	at test.java.com.wagmi.finance.budget.BudgetManagerTest.isApproachingLimit_returns_false_for_unknown_category(BudgetManagerTest.java:57)
	at java.base/java.lang.reflect.Method.invoke(Method.java:565)
	at java.base/java.util.ArrayList.forEach(ArrayList.java:1604)
	at java.base/java.util.ArrayList.forEach(ArrayList.java:1604)
]]></error>
  </testcase>
  <testcase name="addValidCategory_with_null_category" classname="test.java.com.wagmi.finance.budget.BudgetManagerTest" time="0.002"/>
</testsuite>