-------------------------------------------------------------------------------
Test set: test.java.com.wagmi.finance.alg.SortersTest
-------------------------------------------------------------------------------
Tests run: 15, Failures: 0, Errors: 5, Skipped: 0, Time elapsed: 0.047 s <<< FAILURE! -- in test.java.com.wagmi.finance.alg.SortersTest
test.java.com.wagmi.finance.alg.SortersTest.insertionSortByCategory_handles_empty_array -- Time elapsed: 0.010 s <<< ERROR!
java.lang.UnsupportedOperationException: Not implemented
	at main.java.com.wagmi.finance.alg.Sorters.insertionSortByCategory(Sorters.java:38)
	at test.java.com.wagmi.finance.alg.SortersTest.insertionSortByCategory_handles_empty_array(SortersTest.java:143)
	at java.base/java.lang.reflect.Method.invoke(Method.java:565)
	at java.base/java.util.ArrayList.forEach(ArrayList.java:1604)
	at java.base/java.util.ArrayList.forEach(ArrayList.java:1604)

test.java.com.wagmi.finance.alg.SortersTest.insertionSortByCategory_handles_duplicate_categories -- Time elapsed: 0.003 s <<< ERROR!
java.lang.UnsupportedOperationException: Not implemented
	at main.java.com.wagmi.finance.alg.Sorters.insertionSortByCategory(Sorters.java:38)
	at test.java.com.wagmi.finance.alg.SortersTest.insertionSortByCategory_handles_duplicate_categories(SortersTest.java:161)
	at java.base/java.lang.reflect.Method.invoke(Method.java:565)
	at java.base/java.util.ArrayList.forEach(ArrayList.java:1604)
	at java.base/java.util.ArrayList.forEach(ArrayList.java:1604)

test.java.com.wagmi.finance.alg.SortersTest.insertionSortByCategory_uses_custom_comparator -- Time elapsed: 0.002 s <<< ERROR!
java.lang.UnsupportedOperationException: Not implemented
	at main.java.com.wagmi.finance.alg.Sorters.insertionSortByCategory(Sorters.java:38)
	at test.java.com.wagmi.finance.alg.SortersTest.insertionSortByCategory_uses_custom_comparator(SortersTest.java:54)
	at java.base/java.lang.reflect.Method.invoke(Method.java:565)
	at java.base/java.util.ArrayList.forEach(ArrayList.java:1604)
	at java.base/java.util.ArrayList.forEach(ArrayList.java:1604)

test.java.com.wagmi.finance.alg.SortersTest.insertionSortByCategory_handles_single_element -- Time elapsed: 0.001 s <<< ERROR!
java.lang.UnsupportedOperationException: Not implemented
	at main.java.com.wagmi.finance.alg.Sorters.insertionSortByCategory(Sorters.java:38)
	at test.java.com.wagmi.finance.alg.SortersTest.insertionSortByCategory_handles_single_element(SortersTest.java:150)
	at java.base/java.lang.reflect.Method.invoke(Method.java:565)
	at java.base/java.util.ArrayList.forEach(ArrayList.java:1604)
	at java.base/java.util.ArrayList.forEach(ArrayList.java:1604)

test.java.com.wagmi.finance.alg.SortersTest.insertionSortByCategory_with_reverse_comparator -- Time elapsed: 0.001 s <<< ERROR!
java.lang.UnsupportedOperationException: Not implemented
	at main.java.com.wagmi.finance.alg.Sorters.insertionSortByCategory(Sorters.java:38)
	at test.java.com.wagmi.finance.alg.SortersTest.insertionSortByCategory_with_reverse_comparator(SortersTest.java:174)
	at java.base/java.lang.reflect.Method.invoke(Method.java:565)
	at java.base/java.util.ArrayList.forEach(ArrayList.java:1604)
	at java.base/java.util.ArrayList.forEach(ArrayList.java:1604)

