-------------------------------------------------------------------------------
Test set: test.java.com.wagmi.finance.strings.StringUtilsTest
-------------------------------------------------------------------------------
Tests run: 16, Failures: 2, Errors: 5, Skipped: 0, Time elapsed: 0.031 s <<< FAILURE! -- in test.java.com.wagmi.finance.strings.StringUtilsTest
test.java.com.wagmi.finance.strings.StringUtilsTest.sanitizeDescription_handles_empty_string -- Time elapsed: 0.001 s <<< ERROR!
java.lang.UnsupportedOperationException: Not implemented
	at main.java.com.wagmi.finance.strings.StringUtils.sanitizeDescription(StringUtils.java:17)
	at test.java.com.wagmi.finance.strings.StringUtilsTest.sanitizeDescription_handles_empty_string(StringUtilsTest.java:31)
	at java.base/java.lang.reflect.Method.invoke(Method.java:565)
	at java.base/java.util.ArrayList.forEach(ArrayList.java:1604)
	at java.base/java.util.ArrayList.forEach(ArrayList.java:1604)

test.java.com.wagmi.finance.strings.StringUtilsTest.sanitizeDescription_removes_special_characters -- Time elapsed: 0.001 s <<< ERROR!
java.lang.UnsupportedOperationException: Not implemented
	at main.java.com.wagmi.finance.strings.StringUtils.sanitizeDescription(StringUtils.java:17)
	at test.java.com.wagmi.finance.strings.StringUtilsTest.sanitizeDescription_removes_special_characters(StringUtilsTest.java:36)
	at java.base/java.lang.reflect.Method.invoke(Method.java:565)
	at java.base/java.util.ArrayList.forEach(ArrayList.java:1604)
	at java.base/java.util.ArrayList.forEach(ArrayList.java:1604)

test.java.com.wagmi.finance.strings.StringUtilsTest.sanitizeDescription_handles_multiple_spaces -- Time elapsed: 0.002 s <<< ERROR!
java.lang.UnsupportedOperationException: Not implemented
	at main.java.com.wagmi.finance.strings.StringUtils.sanitizeDescription(StringUtils.java:17)
	at test.java.com.wagmi.finance.strings.StringUtilsTest.sanitizeDescription_handles_multiple_spaces(StringUtilsTest.java:42)
	at java.base/java.lang.reflect.Method.invoke(Method.java:565)
	at java.base/java.util.ArrayList.forEach(ArrayList.java:1604)
	at java.base/java.util.ArrayList.forEach(ArrayList.java:1604)

test.java.com.wagmi.finance.strings.StringUtilsTest.sanitizeDescription_trims_and_collapses_spaces -- Time elapsed: 0.002 s <<< ERROR!
java.lang.UnsupportedOperationException: Not implemented
	at main.java.com.wagmi.finance.strings.StringUtils.sanitizeDescription(StringUtils.java:17)
	at test.java.com.wagmi.finance.strings.StringUtilsTest.sanitizeDescription_trims_and_collapses_spaces(StringUtilsTest.java:13)
	at java.base/java.lang.reflect.Method.invoke(Method.java:565)
	at java.base/java.util.ArrayList.forEach(ArrayList.java:1604)
	at java.base/java.util.ArrayList.forEach(ArrayList.java:1604)

test.java.com.wagmi.finance.strings.StringUtilsTest.sanitizeDescription_handles_tabs_and_newlines -- Time elapsed: 0.001 s <<< ERROR!
java.lang.UnsupportedOperationException: Not implemented
	at main.java.com.wagmi.finance.strings.StringUtils.sanitizeDescription(StringUtils.java:17)
	at test.java.com.wagmi.finance.strings.StringUtilsTest.sanitizeDescription_handles_tabs_and_newlines(StringUtilsTest.java:48)
	at java.base/java.lang.reflect.Method.invoke(Method.java:565)
	at java.base/java.util.ArrayList.forEach(ArrayList.java:1604)
	at java.base/java.util.ArrayList.forEach(ArrayList.java:1604)

test.java.com.wagmi.finance.strings.StringUtilsTest.matchesDatePattern_handles_year_boundaries -- Time elapsed: 0.003 s <<< FAILURE!
org.opentest4j.AssertionFailedError: expected: <true> but was: <false>
	at org.junit.jupiter.api.AssertionFailureBuilder.build(AssertionFailureBuilder.java:151)
	at org.junit.jupiter.api.AssertionFailureBuilder.buildAndThrow(AssertionFailureBuilder.java:132)
	at org.junit.jupiter.api.AssertTrue.failNotTrue(AssertTrue.java:63)
	at org.junit.jupiter.api.AssertTrue.assertTrue(AssertTrue.java:36)
	at org.junit.jupiter.api.AssertTrue.assertTrue(AssertTrue.java:31)
	at org.junit.jupiter.api.Assertions.assertTrue(Assertions.java:183)
	at test.java.com.wagmi.finance.strings.StringUtilsTest.matchesDatePattern_handles_year_boundaries(StringUtilsTest.java:95)
	at java.base/java.lang.reflect.Method.invoke(Method.java:565)
	at java.base/java.util.ArrayList.forEach(ArrayList.java:1604)
	at java.base/java.util.ArrayList.forEach(ArrayList.java:1604)

test.java.com.wagmi.finance.strings.StringUtilsTest.matchesDatePattern_handles_month_day_combinations -- Time elapsed: 0.001 s <<< FAILURE!
org.opentest4j.AssertionFailedError: expected: <false> but was: <true>
	at org.junit.jupiter.api.AssertionFailureBuilder.build(AssertionFailureBuilder.java:151)
	at org.junit.jupiter.api.AssertionFailureBuilder.buildAndThrow(AssertionFailureBuilder.java:132)
	at org.junit.jupiter.api.AssertFalse.failNotFalse(AssertFalse.java:63)
	at org.junit.jupiter.api.AssertFalse.assertFalse(AssertFalse.java:36)
	at org.junit.jupiter.api.AssertFalse.assertFalse(AssertFalse.java:31)
	at org.junit.jupiter.api.Assertions.assertFalse(Assertions.java:231)
	at test.java.com.wagmi.finance.strings.StringUtilsTest.matchesDatePattern_handles_month_day_combinations(StringUtilsTest.java:87)
	at java.base/java.lang.reflect.Method.invoke(Method.java:565)
	at java.base/java.util.ArrayList.forEach(ArrayList.java:1604)
	at java.base/java.util.ArrayList.forEach(ArrayList.java:1604)

