-------------------------------------------------------------------------------
Test set: test.java.com.wagmi.finance.recursion.RecursionUtilsTest
-------------------------------------------------------------------------------
Tests run: 14, Failures: 0, Errors: 4, Skipped: 0, Time elapsed: 0.035 s <<< FAILURE! -- in test.java.com.wagmi.finance.recursion.RecursionUtilsTest
test.java.com.wagmi.finance.recursion.RecursionUtilsTest.generateBudgetReportRecursive_handles_empty_array -- Time elapsed: 0.001 s <<< ERROR!
java.lang.UnsupportedOperationException: Not implemented
	at main.java.com.wagmi.finance.recursion.RecursionUtils.generateBudgetReportRecursive(RecursionUtils.java:44)
	at test.java.com.wagmi.finance.recursion.RecursionUtilsTest.generateBudgetReportRecursive_handles_empty_array(RecursionUtilsTest.java:110)
	at java.base/java.lang.reflect.Method.invoke(Method.java:565)
	at java.base/java.util.ArrayList.forEach(ArrayList.java:1604)
	at java.base/java.util.ArrayList.forEach(ArrayList.java:1604)

test.java.com.wagmi.finance.recursion.RecursionUtilsTest.generateBudgetReportRecursive_handles_large_array -- Time elapsed: 0.003 s <<< ERROR!
java.lang.UnsupportedOperationException: Not implemented
	at main.java.com.wagmi.finance.recursion.RecursionUtils.generateBudgetReportRecursive(RecursionUtils.java:44)
	at test.java.com.wagmi.finance.recursion.RecursionUtilsTest.generateBudgetReportRecursive_handles_large_array(RecursionUtilsTest.java:122)
	at java.base/java.lang.reflect.Method.invoke(Method.java:565)
	at java.base/java.util.ArrayList.forEach(ArrayList.java:1604)
	at java.base/java.util.ArrayList.forEach(ArrayList.java:1604)

test.java.com.wagmi.finance.recursion.RecursionUtilsTest.generateBudgetReportRecursive_includes_category_breakdown -- Time elapsed: 0.001 s <<< ERROR!
java.lang.UnsupportedOperationException: Not implemented
	at main.java.com.wagmi.finance.recursion.RecursionUtils.generateBudgetReportRecursive(RecursionUtils.java:44)
	at test.java.com.wagmi.finance.recursion.RecursionUtilsTest.generateBudgetReportRecursive_includes_category_breakdown(RecursionUtilsTest.java:134)
	at java.base/java.lang.reflect.Method.invoke(Method.java:565)
	at java.base/java.util.ArrayList.forEach(ArrayList.java:1604)
	at java.base/java.util.ArrayList.forEach(ArrayList.java:1604)

test.java.com.wagmi.finance.recursion.RecursionUtilsTest.generateBudgetReportRecursive_returns_non_empty_string -- Time elapsed: 0.001 s <<< ERROR!
java.lang.UnsupportedOperationException: Not implemented
	at main.java.com.wagmi.finance.recursion.RecursionUtils.generateBudgetReportRecursive(RecursionUtils.java:44)
	at test.java.com.wagmi.finance.recursion.RecursionUtilsTest.generateBudgetReportRecursive_returns_non_empty_string(RecursionUtilsTest.java:39)
	at java.base/java.lang.reflect.Method.invoke(Method.java:565)
	at java.base/java.util.ArrayList.forEach(ArrayList.java:1604)
	at java.base/java.util.ArrayList.forEach(ArrayList.java:1604)

