-------------------------------------------------------------------------------
Test set: test.java.com.wagmi.finance.budget.BudgetManagerTest
-------------------------------------------------------------------------------
Tests run: 14, Failures: 0, Errors: 10, Skipped: 0, Time elapsed: 0.056 s <<< FAILURE! -- in test.java.com.wagmi.finance.budget.BudgetManagerTest
test.java.com.wagmi.finance.budget.BudgetManagerTest.applyTransaction_with_multiple_categories -- Time elapsed: 0.011 s <<< ERROR!
java.lang.UnsupportedOperationException: Not implemented
	at main.java.com.wagmi.finance.budget.BudgetManager.applyTransaction(BudgetManager.java:66)
	at test.java.com.wagmi.finance.budget.BudgetManagerTest.applyTransaction_with_multiple_categories(BudgetManagerTest.java:87)
	at java.base/java.lang.reflect.Method.invoke(Method.java:565)
	at java.base/java.util.ArrayList.forEach(ArrayList.java:1604)
	at java.base/java.util.ArrayList.forEach(ArrayList.java:1604)

test.java.com.wagmi.finance.budget.BudgetManagerTest.isOverLimit_with_exact_limit -- Time elapsed: 0.002 s <<< ERROR!
java.lang.UnsupportedOperationException: Not implemented
	at main.java.com.wagmi.finance.budget.BudgetManager.applyTransaction(BudgetManager.java:66)
	at test.java.com.wagmi.finance.budget.BudgetManagerTest.isOverLimit_with_exact_limit(BudgetManagerTest.java:107)
	at java.base/java.lang.reflect.Method.invoke(Method.java:565)
	at java.base/java.util.ArrayList.forEach(ArrayList.java:1604)
	at java.base/java.util.ArrayList.forEach(ArrayList.java:1604)

test.java.com.wagmi.finance.budget.BudgetManagerTest.spending_updates_and_limit_checks -- Time elapsed: 0.001 s <<< ERROR!
java.lang.UnsupportedOperationException: Not implemented
	at main.java.com.wagmi.finance.budget.BudgetManager.applyTransaction(BudgetManager.java:66)
	at test.java.com.wagmi.finance.budget.BudgetManagerTest.spending_updates_and_limit_checks(BudgetManagerTest.java:38)
	at java.base/java.lang.reflect.Method.invoke(Method.java:565)
	at java.base/java.util.ArrayList.forEach(ArrayList.java:1604)
	at java.base/java.util.ArrayList.forEach(ArrayList.java:1604)

test.java.com.wagmi.finance.budget.BudgetManagerTest.applyTransaction_with_income_updates_spending_correctly -- Time elapsed: 0.002 s <<< ERROR!
java.lang.UnsupportedOperationException: Not implemented
	at main.java.com.wagmi.finance.budget.BudgetManager.applyTransaction(BudgetManager.java:66)
	at test.java.com.wagmi.finance.budget.BudgetManagerTest.applyTransaction_with_income_updates_spending_correctly(BudgetManagerTest.java:76)
	at java.base/java.lang.reflect.Method.invoke(Method.java:565)
	at java.base/java.util.ArrayList.forEach(ArrayList.java:1604)
	at java.base/java.util.ArrayList.forEach(ArrayList.java:1604)

test.java.com.wagmi.finance.budget.BudgetManagerTest.isValidCategory_with_null_category -- Time elapsed: 0.002 s <<< ERROR!
java.lang.IllegalArgumentException: Category name cannot be null.
	at main.java.com.wagmi.finance.budget.BudgetManager.isValidCategory(BudgetManager.java:35)
	at test.java.com.wagmi.finance.budget.BudgetManagerTest.isValidCategory_with_null_category(BudgetManagerTest.java:125)
	at java.base/java.lang.reflect.Method.invoke(Method.java:565)
	at java.base/java.util.ArrayList.forEach(ArrayList.java:1604)
	at java.base/java.util.ArrayList.forEach(ArrayList.java:1604)

test.java.com.wagmi.finance.budget.BudgetManagerTest.getSpending_returns_zero_for_unknown_category -- Time elapsed: 0.001 s <<< ERROR!
java.lang.UnsupportedOperationException: Not implemented
	at main.java.com.wagmi.finance.budget.BudgetManager.getSpending(BudgetManager.java:61)
	at test.java.com.wagmi.finance.budget.BudgetManagerTest.getSpending_returns_zero_for_unknown_category(BudgetManagerTest.java:52)
	at java.base/java.lang.reflect.Method.invoke(Method.java:565)
	at java.base/java.util.ArrayList.forEach(ArrayList.java:1604)
	at java.base/java.util.ArrayList.forEach(ArrayList.java:1604)

test.java.com.wagmi.finance.budget.BudgetManagerTest.isApproachingLimit_with_exact_threshold -- Time elapsed: 0.002 s <<< ERROR!
java.lang.UnsupportedOperationException: Not implemented
	at main.java.com.wagmi.finance.budget.BudgetManager.applyTransaction(BudgetManager.java:66)
	at test.java.com.wagmi.finance.budget.BudgetManagerTest.isApproachingLimit_with_exact_threshold(BudgetManagerTest.java:99)
	at java.base/java.lang.reflect.Method.invoke(Method.java:565)
	at java.base/java.util.ArrayList.forEach(ArrayList.java:1604)
	at java.base/java.util.ArrayList.forEach(ArrayList.java:1604)

test.java.com.wagmi.finance.budget.BudgetManagerTest.applyTransaction_with_zero_amount -- Time elapsed: 0.002 s <<< ERROR!
java.lang.UnsupportedOperationException: Not implemented
	at main.java.com.wagmi.finance.budget.BudgetManager.applyTransaction(BudgetManager.java:66)
	at test.java.com.wagmi.finance.budget.BudgetManagerTest.applyTransaction_with_zero_amount(BudgetManagerTest.java:114)
	at java.base/java.lang.reflect.Method.invoke(Method.java:565)
	at java.base/java.util.ArrayList.forEach(ArrayList.java:1604)
	at java.base/java.util.ArrayList.forEach(ArrayList.java:1604)

test.java.com.wagmi.finance.budget.BudgetManagerTest.isOverLimit_returns_false_for_unknown_category -- Time elapsed: 0.001 s <<< ERROR!
java.lang.UnsupportedOperationException: Not implemented
	at main.java.com.wagmi.finance.budget.BudgetManager.isOverLimit(BudgetManager.java:76)
	at test.java.com.wagmi.finance.budget.BudgetManagerTest.isOverLimit_returns_false_for_unknown_category(BudgetManagerTest.java:62)
	at java.base/java.lang.reflect.Method.invoke(Method.java:565)
	at java.base/java.util.ArrayList.forEach(ArrayList.java:1604)
	at java.base/java.util.ArrayList.forEach(ArrayList.java:1604)

test.java.com.wagmi.finance.budget.BudgetManagerTest.isApproachingLimit_returns_false_for_unknown_category -- Time elapsed: 0.001 s <<< ERROR!
java.lang.UnsupportedOperationException: Not implemented
	at main.java.com.wagmi.finance.budget.BudgetManager.isApproachingLimit(BudgetManager.java:71)
	at test.java.com.wagmi.finance.budget.BudgetManagerTest.isApproachingLimit_returns_false_for_unknown_category(BudgetManagerTest.java:57)
	at java.base/java.lang.reflect.Method.invoke(Method.java:565)
	at java.base/java.util.ArrayList.forEach(ArrayList.java:1604)
	at java.base/java.util.ArrayList.forEach(ArrayList.java:1604)

