<?xml version="1.0" encoding="UTF-8"?>
<testsuite xmlns:xsi="http://www.w3.org/2001/XMLSchema-instance" xsi:noNamespaceSchemaLocation="https://maven.apache.org/surefire/maven-surefire-plugin/xsd/surefire-test-report-3.0.xsd" version="3.0" name="test.java.com.wagmi.finance.alg.SearchTest" time="0.104" tests="10" errors="0" skipped="0" failures="0">
  <properties>
[...]
</properties>
  <testcase name="binarySearchById_handles_two_elements" classname="test.java.com.wagmi.finance.alg.SearchTest" time="0.042"/>
  <testcase name="binarySearchById_searches_last_element" classname="test.java.com.wagmi.finance.alg.SearchTest" time="0.002"/>
  <testcase name="binarySearchById_handles_large_array" classname="test.java.com.wagmi.finance.alg.SearchTest" time="0.004"/>
  <testcase name="binarySearchById_searches_middle_element" classname="test.java.com.wagmi.finance.alg.SearchTest" time="0.002"/>
  <testcase name="binarySearchById_handles_single_element" classname="test.java.com.wagmi.finance.alg.SearchTest" time="0.001"/>
  <testcase name="binarySearchById_with_null_array_throws_exception" classname="test.java.com.wagmi.finance.alg.SearchTest" time="0.003"/>
  <testcase name="binarySearchById_searches_first_element" classname="test.java.com.wagmi.finance.alg.SearchTest" time="0.001"/>
  <testcase name="binarySearchById_handles_empty_array" classname="test.java.com.wagmi.finance.alg.SearchTest" time="0.001"/>
  <testcase name="binarySearchById_with_null_id_returns_negative_one" classname="test.java.com.wagmi.finance.alg.SearchTest" time="0.001"/>
  <testcase name="binarySearchById_finds_index_or_returns_negative_one" classname="test.java.com.wagmi.finance.alg.SearchTest" time="0.001"/>
</testsuite>