-------------------------------------------------------------------------------
Test set: test.java.com.wagmi.finance.integration.FinanceSystemIntegrationTest
-------------------------------------------------------------------------------
Tests run: 7, Failures: 0, Errors: 2, Skipped: 0, Time elapsed: 0.028 s <<< FAILURE! -- in test.java.com.wagmi.finance.integration.FinanceSystemIntegrationTest
test.java.com.wagmi.finance.integration.FinanceSystemIntegrationTest.performance_with_large_dataset -- Time elapsed: 0.004 s <<< ERROR!
java.lang.UnsupportedOperationException: Stack is full (overflow).
	at main.java.com.wagmi.finance.history.OperationStack.push(OperationStack.java:30)
	at test.java.com.wagmi.finance.integration.FinanceSystemIntegrationTest.performance_with_large_dataset(FinanceSystemIntegrationTest.java:185)
	at java.base/java.lang.reflect.Method.invoke(Method.java:565)
	at java.base/java.util.ArrayList.forEach(ArrayList.java:1604)
	at java.base/java.util.ArrayList.forEach(ArrayList.java:1604)

test.java.com.wagmi.finance.integration.FinanceSystemIntegrationTest.recursive_analysis_integration -- Time elapsed: 0.003 s <<< ERROR!
java.lang.UnsupportedOperationException: Not implemented
	at main.java.com.wagmi.finance.recursion.RecursionUtils.generateBudgetReportRecursive(RecursionUtils.java:43)
	at test.java.com.wagmi.finance.integration.FinanceSystemIntegrationTest.recursive_analysis_integration(FinanceSystemIntegrationTest.java:135)
	at java.base/java.lang.reflect.Method.invoke(Method.java:565)
	at java.base/java.util.ArrayList.forEach(ArrayList.java:1604)
	at java.base/java.util.ArrayList.forEach(ArrayList.java:1604)

